<?xml version="1.0" encoding="UTF-8"?>
<testsuite xmlns:xsi="http://www.w3.org/2001/XMLSchema-instance" xsi:noNamespaceSchemaLocation="https://maven.apache.org/surefire/maven-surefire-plugin/xsd/surefire-test-report.xsd" name="TestSuite" time="4.135" tests="3" errors="0" skipped="0" failures="1">
  <properties>
    <property name="sun.desktop" value="windows"/>
    <property name="awt.toolkit" value="sun.awt.windows.WToolkit"/>
    <property name="java.specification.version" value="10"/>
    <property name="file.encoding.pkg" value="sun.io"/>
    <property name="sun.cpu.isalist" value="amd64"/>
    <property name="sun.jnu.encoding" value="Cp1252"/>
    <property name="java.class.path" value="C:\Users\Naveen\eclipse-workspace\interview\target\test-classes;C:\Users\Naveen\eclipse-workspace\interview\target\classes;C:\Users\Naveen\.m2\repository\org\testng\testng\6.14.3\testng-6.14.3.jar;C:\Users\Naveen\.m2\repository\com\beust\jcommander\1.72\jcommander-1.72.jar;C:\Users\Naveen\.m2\repository\org\apache-extras\beanshell\bsh\2.0b6\bsh-2.0b6.jar;C:\Users\Naveen\.m2\repository\io\rest-assured\rest-assured\3.2.0\rest-assured-3.2.0.jar;C:\Users\Naveen\.m2\repository\org\codehaus\groovy\groovy\2.4.15\groovy-2.4.15.jar;C:\Users\Naveen\.m2\repository\org\codehaus\groovy\groovy-xml\2.4.15\groovy-xml-2.4.15.jar;C:\Users\Naveen\.m2\repository\org\apache\httpcomponents\httpclient\4.5.3\httpclient-4.5.3.jar;C:\Users\Naveen\.m2\repository\org\apache\httpcomponents\httpcore\4.4.6\httpcore-4.4.6.jar;C:\Users\Naveen\.m2\repository\commons-logging\commons-logging\1.2\commons-logging-1.2.jar;C:\Users\Naveen\.m2\repository\commons-codec\commons-codec\1.9\commons-codec-1.9.jar;C:\Users\Naveen\.m2\repository\org\apache\httpcomponents\httpmime\4.5.1\httpmime-4.5.1.jar;C:\Users\Naveen\.m2\repository\org\hamcrest\hamcrest-core\1.3\hamcrest-core-1.3.jar;C:\Users\Naveen\.m2\repository\org\hamcrest\hamcrest-library\1.3\hamcrest-library-1.3.jar;C:\Users\Naveen\.m2\repository\org\ccil\cowan\tagsoup\tagsoup\1.2.1\tagsoup-1.2.1.jar;C:\Users\Naveen\.m2\repository\io\rest-assured\xml-path\3.2.0\xml-path-3.2.0.jar;C:\Users\Naveen\.m2\repository\org\apache\commons\commons-lang3\3.4\commons-lang3-3.4.jar;C:\Users\Naveen\.m2\repository\javax\xml\bind\jaxb-api\2.2.12\jaxb-api-2.2.12.jar;C:\Users\Naveen\.m2\repository\com\sun\xml\bind\jaxb-osgi\2.2.10\jaxb-osgi-2.2.10.jar;C:\Users\Naveen\.m2\repository\org\apache\sling\org.apache.sling.javax.activation\0.1.0\org.apache.sling.javax.activation-0.1.0.jar;C:\Users\Naveen\.m2\repository\javax\activation\activation\1.1.1\activation-1.1.1.jar;C:\Users\Naveen\.m2\repository\io\rest-assured\json-path\3.0.1\json-path-3.0.1.jar;C:\Users\Naveen\.m2\repository\org\codehaus\groovy\groovy-json\2.4.6\groovy-json-2.4.6.jar;C:\Users\Naveen\.m2\repository\io\rest-assured\rest-assured-common\3.0.1\rest-assured-common-3.0.1.jar;C:\Users\Naveen\.m2\repository\org\apache\maven\surefire\surefire-testng-utils\2.22.0\surefire-testng-utils-2.22.0.jar;C:\Users\Naveen\.m2\repository\org\apache\maven\surefire\surefire-grouper\2.22.0\surefire-grouper-2.22.0.jar;"/>
    <property name="java.vm.vendor" value="&quot;Oracle Corporation&quot;"/>
    <property name="sun.arch.data.model" value="64"/>
    <property name="user.variant" value=""/>
    <property name="java.vendor.url" value="http://java.oracle.com/"/>
    <property name="user.timezone" value="Australia/Sydney"/>
    <property name="java.vm.specification.version" value="10"/>
    <property name="os.name" value="Windows 10"/>
    <property name="sun.java.launcher" value="SUN_STANDARD"/>
    <property name="user.country" value="AU"/>
    <property name="sun.boot.library.path" value="C:\Program Files\Java\jdk-10.0.2\bin"/>
    <property name="sun.java.command" value="C:\Users\Naveen\AppData\Local\Temp\surefire12081639887594425801\surefirebooter4367227919784401047.jar C:\Users\Naveen\AppData\Local\Temp\surefire12081639887594425801 2019-03-27T18-31-45_597-jvmRun1 surefire18310149599845514393tmp surefire_017362528412260473005tmp"/>
    <property name="jdk.debug" value="release"/>
    <property name="surefire.test.class.path" value="C:\Users\Naveen\eclipse-workspace\interview\target\test-classes;C:\Users\Naveen\eclipse-workspace\interview\target\classes;C:\Users\Naveen\.m2\repository\org\testng\testng\6.14.3\testng-6.14.3.jar;C:\Users\Naveen\.m2\repository\com\beust\jcommander\1.72\jcommander-1.72.jar;C:\Users\Naveen\.m2\repository\org\apache-extras\beanshell\bsh\2.0b6\bsh-2.0b6.jar;C:\Users\Naveen\.m2\repository\io\rest-assured\rest-assured\3.2.0\rest-assured-3.2.0.jar;C:\Users\Naveen\.m2\repository\org\codehaus\groovy\groovy\2.4.15\groovy-2.4.15.jar;C:\Users\Naveen\.m2\repository\org\codehaus\groovy\groovy-xml\2.4.15\groovy-xml-2.4.15.jar;C:\Users\Naveen\.m2\repository\org\apache\httpcomponents\httpclient\4.5.3\httpclient-4.5.3.jar;C:\Users\Naveen\.m2\repository\org\apache\httpcomponents\httpcore\4.4.6\httpcore-4.4.6.jar;C:\Users\Naveen\.m2\repository\commons-logging\commons-logging\1.2\commons-logging-1.2.jar;C:\Users\Naveen\.m2\repository\commons-codec\commons-codec\1.9\commons-codec-1.9.jar;C:\Users\Naveen\.m2\repository\org\apache\httpcomponents\httpmime\4.5.1\httpmime-4.5.1.jar;C:\Users\Naveen\.m2\repository\org\hamcrest\hamcrest-core\1.3\hamcrest-core-1.3.jar;C:\Users\Naveen\.m2\repository\org\hamcrest\hamcrest-library\1.3\hamcrest-library-1.3.jar;C:\Users\Naveen\.m2\repository\org\ccil\cowan\tagsoup\tagsoup\1.2.1\tagsoup-1.2.1.jar;C:\Users\Naveen\.m2\repository\io\rest-assured\xml-path\3.2.0\xml-path-3.2.0.jar;C:\Users\Naveen\.m2\repository\org\apache\commons\commons-lang3\3.4\commons-lang3-3.4.jar;C:\Users\Naveen\.m2\repository\javax\xml\bind\jaxb-api\2.2.12\jaxb-api-2.2.12.jar;C:\Users\Naveen\.m2\repository\com\sun\xml\bind\jaxb-osgi\2.2.10\jaxb-osgi-2.2.10.jar;C:\Users\Naveen\.m2\repository\org\apache\sling\org.apache.sling.javax.activation\0.1.0\org.apache.sling.javax.activation-0.1.0.jar;C:\Users\Naveen\.m2\repository\javax\activation\activation\1.1.1\activation-1.1.1.jar;C:\Users\Naveen\.m2\repository\io\rest-assured\json-path\3.0.1\json-path-3.0.1.jar;C:\Users\Naveen\.m2\repository\org\codehaus\groovy\groovy-json\2.4.6\groovy-json-2.4.6.jar;C:\Users\Naveen\.m2\repository\io\rest-assured\rest-assured-common\3.0.1\rest-assured-common-3.0.1.jar;C:\Users\Naveen\.m2\repository\org\apache\maven\surefire\surefire-testng-utils\2.22.0\surefire-testng-utils-2.22.0.jar;C:\Users\Naveen\.m2\repository\org\apache\maven\surefire\surefire-grouper\2.22.0\surefire-grouper-2.22.0.jar;"/>
    <property name="sun.cpu.endian" value="little"/>
    <property name="user.home" value="C:\Users\Naveen"/>
    <property name="user.language" value="en"/>
    <property name="java.specification.vendor" value="Oracle Corporation"/>
    <property name="java.version.date" value="2018-07-17"/>
    <property name="java.home" value="C:\Program Files\Java\jdk-10.0.2"/>
    <property name="file.separator" value="\"/>
    <property name="basedir" value="C:\Users\Naveen\eclipse-workspace\interview"/>
    <property name="java.vm.compressedOopsMode" value="Zero based"/>
    <property name="line.separator" value="&#10;"/>
    <property name="java.specification.name" value="Java Platform API Specification"/>
    <property name="java.vm.specification.vendor" value="Oracle Corporation"/>
    <property name="java.awt.graphicsenv" value="sun.awt.Win32GraphicsEnvironment"/>
    <property name="surefire.real.class.path" value="C:\Users\Naveen\AppData\Local\Temp\surefire12081639887594425801\surefirebooter4367227919784401047.jar"/>
    <property name="user.script" value=""/>
    <property name="sun.management.compiler" value="HotSpot 64-Bit Tiered Compilers"/>
    <property name="java.runtime.version" value="10.0.2+13"/>
    <property name="user.name" value="Naveen"/>
    <property name="path.separator" value=";"/>
    <property name="os.version" value="10.0"/>
    <property name="java.runtime.name" value="Java(TM) SE Runtime Environment"/>
    <property name="file.encoding" value="Cp1252"/>
    <property name="java.vm.name" value="Java HotSpot(TM) 64-Bit Server VM"/>
    <property name="java.vendor.version" value="18.3"/>
    <property name="localRepository" value="C:\Users\Naveen\.m2\repository"/>
    <property name="java.vendor.url.bug" value="http://bugreport.java.com/bugreport/"/>
    <property name="java.io.tmpdir" value="C:\Users\Naveen\AppData\Local\Temp\"/>
    <property name="java.version" value="10.0.2"/>
    <property name="user.dir" value="C:\Users\Naveen\eclipse-workspace\interview"/>
    <property name="os.arch" value="amd64"/>
    <property name="java.vm.specification.name" value="Java Virtual Machine Specification"/>
    <property name="java.awt.printerjob" value="sun.awt.windows.WPrinterJob"/>
    <property name="sun.os.patch.level" value=""/>
    <property name="java.library.path" value="C:\Program Files\Java\jdk-10.0.2\bin;C:\WINDOWS\Sun\Java\bin;C:\WINDOWS\system32;C:\WINDOWS;C:/Program Files/Java/jdk-11.0.2/bin/server;C:/Program Files/Java/jdk-11.0.2/bin;C:\Program Files (x86)\Intel\iCLS Client\;C:\Program Files\Intel\iCLS Client\;C:\WINDOWS\system32;C:\WINDOWS;C:\WINDOWS\System32\Wbem;C:\WINDOWS\System32\WindowsPowerShell\v1.0\;c:\Program Files (x86)\ATI Technologies\ATI.ACE\Core-Static;C:\Program Files\Microsoft SQL Server\130\Tools\Binn\;C:\Program Files (x86)\Windows Kits\10\Windows Performance Toolkit\;C:\Users\Naveen\workspace\apache-maven-3.5.2/bin;C:\WINDOWS\System32\OpenSSH\;C:\Program Files (x86)\Intel\Intel(R) Management Engine Components\DAL;C:\Program Files\Intel\Intel(R) Management Engine Components\DAL;C:\Program Files (x86)\Intel\Intel(R) Management Engine Components\IPT;C:\Program Files\Intel\Intel(R) Management Engine Components\IPT;C:\Program Files\Git\cmd;C:\Program Files (x86)\Notepad++;C:\Program Files\Java\jdk-11.0.2\bin;C:\ProgramData\chocolatey\bin;C:\gradle-4.10.3\bin;C:\Users\Naveen\AppData\Local\Android\Sdk\tools\bin;C:\Users\Naveen\AppData\Local\Android\Sdk\platform-tools;C:\Users\Naveen\AppData\Local\Android\Sdk\tools;C:\Program Files\nodejs;C:\Program Files\Intel\WiFi\bin\;C:\Program Files\Common Files\Intel\WirelessCommon\;C:\Program Files\Java\jdk1.8.0_92\bin;C:\Users\Naveen\workspace\apache-ant-1.10.2\bin;C:\Users\Naveen\AppData\Local\Microsoft\WindowsApps;C:\Users\Naveen\AppData\Local\Programs\Microsoft VS Code\bin;C:\Users\Naveen\AppData\Roaming\npm;;C:\Users\Naveen\AppData\Local\Microsoft\WindowsApps;C:\Program Files\JetBrains\IntelliJ IDEA Community Edition 2018.3.4\bin;;C:\WINDOWS\system32;;."/>
    <property name="java.vendor" value="Oracle Corporation"/>
    <property name="java.vm.info" value="mixed mode"/>
    <property name="java.vm.version" value="10.0.2+13"/>
    <property name="sun.io.unicode.encoding" value="UnicodeLittle"/>
    <property name="java.class.version" value="54.0"/>
  </properties>
  <testcase name="getNumDaysSunny" classname="rit.interview.WeatherTest" time="0.001"/>
  <testcase name="getNumDaysWithTemp20" classname="rit.interview.WeatherTest" time="0.409">
    <failure message="Unparseable date: &quot;2019-03-28 00:00:00&quot;" type="java.text.ParseException">java.text.ParseException: Unparseable date: "2019-03-28 00:00:00"
	at rit.interview.WeatherTest.getNumDaysWithTemp20(WeatherTest.java:78)
</failure>
    <system-out><![CDATA[37
[]
number 0 value 292.56
number 1 value 291.89
number 2 value 291.52
number 3 value 290.24
number 4 value 290.277
number 5 value 293.933
in for loop 5
2019-03-28 00:00:00
]]></system-out>
  </testcase>
  <testcase name="verifyCity" classname="rit.interview.WeatherTest" time="0.002"/>
</testsuite>