<?xml version="1.0" encoding="UTF-8"?>
<!-- Generated by org.testng.reporters.JUnitReportReporter -->
<testsuite hostname="DESKTOP-8T619MQ" failures="0" tests="3" name="rit.interview.WeatherTest" time="2.279" errors="0" timestamp="27 Mar. 2019 04:59:16 GMT" skipped="0">
  <testcase classname="rit.interview.WeatherTest" name="doGetRequest" time="2.271"/>
  <testcase classname="rit.interview.WeatherTest" name="getNumDaysWithTemp20" time="0.005"/>
  <testcase classname="rit.interview.WeatherTest" name="getNumDaysSunny" time="0.003"/>
</testsuite> <!-- rit.interview.WeatherTest -->
