<?xml version="1.0" encoding="UTF-8"?>
<!-- Generated by org.testng.reporters.JUnitReportReporter -->
<testsuite hostname="DESKTOP-8T619MQ" failures="0" tests="3" name="rit.interview.WeatherTest" time="1.063" errors="0" timestamp="27 Mar. 2019 22:22:59 GMT" skipped="0">
  <testcase classname="rit.interview.WeatherTest" name="getNumDaysWithTemp20" time="0.325"/>
  <testcase classname="rit.interview.WeatherTest" name="getNumDaysSunny" time="0.736"/>
  <testcase classname="rit.interview.WeatherTest" name="verifyCity" time="0.002"/>
</testsuite> <!-- rit.interview.WeatherTest -->
