<?xml version="1.0" encoding="UTF-8"?>
<!-- Generated by org.testng.reporters.JUnitReportReporter -->
<testsuite hostname="DESKTOP-8T619MQ" failures="0" tests="5" name="Tests.GetTest" time="5.322" errors="0" timestamp="28 Mar. 2019 02:12:16 GMT" skipped="0">
  <testcase classname="Tests.GetTest" name="getRequest" time="1.560"/>
  <testcase classname="Tests.GetTest" name="getNumDaysSunny" time="0.741"/>
  <testcase classname="Tests.GetTest" name="getNumDaysCloudy" time="1.557"/>
  <testcase classname="Tests.GetTest" name="getNumDaysWithTempabove" time="0.622"/>
  <testcase classname="Tests.GetTest" name="getNumDaysRainy" time="0.842"/>
</testsuite> <!-- Tests.GetTest -->
